2020/06/30 06:42:53 [info]  pid:1549 监听端口80成功
2020/06/30 06:42:53 [info]  pid:1549 监听端口443成功
2020/06/30 06:42:53 [info]  pid:1551 SerThreadPool::Creat()中创建线程成功，id=2044368640!
2020/06/30 06:42:53 [stderr]  pid:1551 server: SerThreadPool::ThreadFunc()中线程:2044368640,开始等待
2020/06/30 06:42:54 [info]  pid:1551 延迟回收线程启动!
2020/06/30 06:43:09 [stderr]  pid:1551 server: 收到的包长度为：108
2020/06/30 06:43:09 [stderr]  pid:1551 server: SerThreadPool::ThreadFunc()中线程:2044368640,结束等待
2020/06/30 06:43:09 [stderr]  pid:1551 server: SerThreadPool::ThreadFunc()中线程:2044368640,拿到一条数据
2020/06/30 06:43:09 [debug]  pid:1551 一个要发送的数据进入消息队列!
2020/06/30 06:43:09 [debug]  pid:1551 即将发送数据大小为：65008
2020/06/30 06:43:09 [stderr]  pid:1551 server: SerThreadPool::ThreadFunc()中线程:2044368640,开始等待
2020/06/30 06:43:09 [debug]  pid:1551 数据发送完毕
2020/06/30 06:43:11 [stderr]  pid:1551 server: 收到的包长度为：108
2020/06/30 06:43:11 [stderr]  pid:1551 server: SerThreadPool::ThreadFunc()中线程:2044368640,结束等待
2020/06/30 06:43:11 [stderr]  pid:1551 server: SerThreadPool::ThreadFunc()中线程:2044368640,拿到一条数据
2020/06/30 06:43:11 [debug]  pid:1551 一个要发送的数据进入消息队列!
2020/06/30 06:43:11 [stderr]  pid:1551 server: SerThreadPool::ThreadFunc()中线程:2044368640,开始等待
2020/06/30 06:43:11 [debug]  pid:1551 即将发送数据大小为：65008
2020/06/30 06:43:11 [debug]  pid:1551 数据发送完毕
2020/06/30 06:43:12 [stderr]  pid:1551 server: 收到的包长度为：108
2020/06/30 06:43:12 [stderr]  pid:1551 server: SerThreadPool::ThreadFunc()中线程:2044368640,结束等待
2020/06/30 06:43:12 [stderr]  pid:1551 server: SerThreadPool::ThreadFunc()中线程:2044368640,拿到一条数据
2020/06/30 06:43:12 [debug]  pid:1551 一个要发送的数据进入消息队列!
2020/06/30 06:43:12 [stderr]  pid:1551 server: SerThreadPool::ThreadFunc()中线程:2044368640,开始等待
2020/06/30 06:43:12 [debug]  pid:1551 即将发送数据大小为：65008
2020/06/30 06:43:12 [debug]  pid:1551 数据发送完毕
2020/06/30 06:43:13 [stderr]  pid:1551 server: 收到的包长度为：108
2020/06/30 06:43:13 [stderr]  pid:1551 server: SerThreadPool::ThreadFunc()中线程:2044368640,结束等待
2020/06/30 06:43:13 [stderr]  pid:1551 server: SerThreadPool::ThreadFunc()中线程:2044368640,拿到一条数据
2020/06/30 06:43:13 [debug]  pid:1551 一个要发送的数据进入消息队列!
2020/06/30 06:43:13 [stderr]  pid:1551 server: SerThreadPool::ThreadFunc()中线程:2044368640,开始等待
2020/06/30 06:43:13 [debug]  pid:1551 即将发送数据大小为：65008
2020/06/30 06:43:13 [debug]  pid:1551 数据发送完毕
2020/06/30 06:43:14 [stderr]  pid:1551 server: 收到的包长度为：108
2020/06/30 06:43:14 [stderr]  pid:1551 server: SerThreadPool::ThreadFunc()中线程:2044368640,结束等待
2020/06/30 06:43:14 [stderr]  pid:1551 server: SerThreadPool::ThreadFunc()中线程:2044368640,拿到一条数据
2020/06/30 06:43:14 [debug]  pid:1551 一个要发送的数据进入消息队列!
2020/06/30 06:43:14 [stderr]  pid:1551 server: SerThreadPool::ThreadFunc()中线程:2044368640,开始等待
2020/06/30 06:43:14 [debug]  pid:1551 即将发送数据大小为：65008
2020/06/30 06:43:14 [debug]  pid:1551 数据发送完毕
2020/06/30 06:43:14 [stderr]  pid:1551 server: 收到的包长度为：108
2020/06/30 06:43:14 [stderr]  pid:1551 server: SerThreadPool::ThreadFunc()中线程:2044368640,结束等待
2020/06/30 06:43:14 [stderr]  pid:1551 server: SerThreadPool::ThreadFunc()中线程:2044368640,拿到一条数据
2020/06/30 06:43:14 [debug]  pid:1551 一个要发送的数据进入消息队列!
2020/06/30 06:43:14 [stderr]  pid:1551 server: SerThreadPool::ThreadFunc()中线程:2044368640,开始等待
2020/06/30 06:43:14 [debug]  pid:1551 即将发送数据大小为：65008
2020/06/30 06:43:14 [debug]  pid:1551 数据发送完毕
2020/06/30 06:43:15 [stderr]  pid:1551 server: 收到的包长度为：108
2020/06/30 06:43:15 [stderr]  pid:1551 server: SerThreadPool::ThreadFunc()中线程:2044368640,结束等待
2020/06/30 06:43:15 [stderr]  pid:1551 server: SerThreadPool::ThreadFunc()中线程:2044368640,拿到一条数据
2020/06/30 06:43:15 [debug]  pid:1551 一个要发送的数据进入消息队列!
2020/06/30 06:43:15 [stderr]  pid:1551 server: SerThreadPool::ThreadFunc()中线程:2044368640,开始等待
2020/06/30 06:43:15 [debug]  pid:1551 即将发送数据大小为：65008
2020/06/30 06:43:15 [debug]  pid:1551 数据发送完毕
2020/06/30 06:43:16 [stderr]  pid:1551 server: 收到的包长度为：108
2020/06/30 06:43:16 [stderr]  pid:1551 server: SerThreadPool::ThreadFunc()中线程:2044368640,结束等待
2020/06/30 06:43:16 [stderr]  pid:1551 server: SerThreadPool::ThreadFunc()中线程:2044368640,拿到一条数据
2020/06/30 06:43:16 [debug]  pid:1551 一个要发送的数据进入消息队列!
2020/06/30 06:43:16 [stderr]  pid:1551 server: SerThreadPool::ThreadFunc()中线程:2044368640,开始等待
2020/06/30 06:43:16 [debug]  pid:1551 即将发送数据大小为：65008
2020/06/30 06:43:16 [debug]  pid:1551 数据发送完毕
2020/06/30 06:43:16 [stderr]  pid:1551 server: 收到的包长度为：108
2020/06/30 06:43:16 [stderr]  pid:1551 server: SerThreadPool::ThreadFunc()中线程:2044368640,结束等待
2020/06/30 06:43:16 [stderr]  pid:1551 server: SerThreadPool::ThreadFunc()中线程:2044368640,拿到一条数据
2020/06/30 06:43:16 [debug]  pid:1551 一个要发送的数据进入消息队列!
2020/06/30 06:43:16 [stderr]  pid:1551 server: SerThreadPool::ThreadFunc()中线程:2044368640,开始等待
2020/06/30 06:43:16 [debug]  pid:1551 即将发送数据大小为：65008
2020/06/30 06:43:16 [debug]  pid:1551 数据发送完毕
2020/06/30 06:43:17 [stderr]  pid:1551 server: 收到的包长度为：108
2020/06/30 06:43:17 [stderr]  pid:1551 server: SerThreadPool::ThreadFunc()中线程:2044368640,结束等待
2020/06/30 06:43:17 [stderr]  pid:1551 server: SerThreadPool::ThreadFunc()中线程:2044368640,拿到一条数据
2020/06/30 06:43:17 [debug]  pid:1551 一个要发送的数据进入消息队列!
2020/06/30 06:43:17 [stderr]  pid:1551 server: SerThreadPool::ThreadFunc()中线程:2044368640,开始等待
2020/06/30 06:43:17 [debug]  pid:1551 即将发送数据大小为：65008
2020/06/30 06:43:17 [debug]  pid:1551 数据发送完毕
2020/06/30 06:43:18 [stderr]  pid:1551 server: 收到的包长度为：108
2020/06/30 06:43:18 [stderr]  pid:1551 server: SerThreadPool::ThreadFunc()中线程:2044368640,结束等待
2020/06/30 06:43:18 [stderr]  pid:1551 server: SerThreadPool::ThreadFunc()中线程:2044368640,拿到一条数据
2020/06/30 06:43:18 [debug]  pid:1551 一个要发送的数据进入消息队列!
2020/06/30 06:43:18 [stderr]  pid:1551 server: SerThreadPool::ThreadFunc()中线程:2044368640,开始等待
2020/06/30 06:43:18 [debug]  pid:1551 即将发送数据大小为：65008
2020/06/30 06:43:18 [debug]  pid:1551 数据发送完毕
2020/06/30 06:43:18 [stderr]  pid:1551 server: 收到的包长度为：108
2020/06/30 06:43:18 [stderr]  pid:1551 server: SerThreadPool::ThreadFunc()中线程:2044368640,结束等待
2020/06/30 06:43:18 [stderr]  pid:1551 server: SerThreadPool::ThreadFunc()中线程:2044368640,拿到一条数据
2020/06/30 06:43:18 [debug]  pid:1551 一个要发送的数据进入消息队列!
2020/06/30 06:43:18 [stderr]  pid:1551 server: SerThreadPool::ThreadFunc()中线程:2044368640,开始等待
2020/06/30 06:43:18 [debug]  pid:1551 即将发送数据大小为：65008
2020/06/30 06:43:18 [stderr]  pid:1551 server: 发送缓冲区满了，应该发送：59632,实际发送：5376。此时需要靠epoll驱动发数据!
2020/06/30 06:43:21 [debug]  pid:1551 epoll驱动发数据!
2020/06/30 06:43:21 [stderr]  pid:1551 server: epoll驱动发送数据完毕!
2020/06/30 06:43:26 [stderr]  pid:1551 server: 收到的包长度为：108
2020/06/30 06:43:26 [stderr]  pid:1551 server: SerThreadPool::ThreadFunc()中线程:2044368640,结束等待
2020/06/30 06:43:26 [stderr]  pid:1551 server: SerThreadPool::ThreadFunc()中线程:2044368640,拿到一条数据
2020/06/30 06:43:26 [debug]  pid:1551 一个要发送的数据进入消息队列!
2020/06/30 06:43:26 [stderr]  pid:1551 server: SerThreadPool::ThreadFunc()中线程:2044368640,开始等待
2020/06/30 06:43:26 [debug]  pid:1551 即将发送数据大小为：65008
2020/06/30 06:43:26 [debug]  pid:1551 数据发送完毕
2020/06/30 06:43:27 [stderr]  pid:1551 server: 收到的包长度为：108
2020/06/30 06:43:27 [stderr]  pid:1551 server: SerThreadPool::ThreadFunc()中线程:2044368640,结束等待
2020/06/30 06:43:27 [stderr]  pid:1551 server: SerThreadPool::ThreadFunc()中线程:2044368640,拿到一条数据
2020/06/30 06:43:27 [debug]  pid:1551 一个要发送的数据进入消息队列!
2020/06/30 06:43:27 [stderr]  pid:1551 server: SerThreadPool::ThreadFunc()中线程:2044368640,开始等待
2020/06/30 06:43:27 [debug]  pid:1551 即将发送数据大小为：65008
2020/06/30 06:43:27 [debug]  pid:1551 数据发送完毕
2020/06/30 06:43:28 [stderr]  pid:1551 server: 收到的包长度为：108
2020/06/30 06:43:28 [stderr]  pid:1551 server: SerThreadPool::ThreadFunc()中线程:2044368640,结束等待
2020/06/30 06:43:28 [stderr]  pid:1551 server: SerThreadPool::ThreadFunc()中线程:2044368640,拿到一条数据
2020/06/30 06:43:28 [debug]  pid:1551 一个要发送的数据进入消息队列!
2020/06/30 06:43:28 [stderr]  pid:1551 server: SerThreadPool::ThreadFunc()中线程:2044368640,开始等待
2020/06/30 06:43:28 [debug]  pid:1551 即将发送数据大小为：65008
2020/06/30 06:43:28 [debug]  pid:1551 数据发送完毕
2020/06/30 06:43:28 [stderr]  pid:1551 server: 收到的包长度为：108
2020/06/30 06:43:28 [stderr]  pid:1551 server: SerThreadPool::ThreadFunc()中线程:2044368640,结束等待
2020/06/30 06:43:28 [stderr]  pid:1551 server: SerThreadPool::ThreadFunc()中线程:2044368640,拿到一条数据
2020/06/30 06:43:28 [debug]  pid:1551 一个要发送的数据进入消息队列!
2020/06/30 06:43:28 [stderr]  pid:1551 server: SerThreadPool::ThreadFunc()中线程:2044368640,开始等待
2020/06/30 06:43:28 [debug]  pid:1551 即将发送数据大小为：65008
2020/06/30 06:43:28 [debug]  pid:1551 数据发送完毕
2020/06/30 06:43:29 [stderr]  pid:1551 server: 收到的包长度为：108
2020/06/30 06:43:29 [stderr]  pid:1551 server: SerThreadPool::ThreadFunc()中线程:2044368640,结束等待
2020/06/30 06:43:29 [stderr]  pid:1551 server: SerThreadPool::ThreadFunc()中线程:2044368640,拿到一条数据
2020/06/30 06:43:29 [debug]  pid:1551 一个要发送的数据进入消息队列!
2020/06/30 06:43:29 [stderr]  pid:1551 server: SerThreadPool::ThreadFunc()中线程:2044368640,开始等待
2020/06/30 06:43:29 [debug]  pid:1551 即将发送数据大小为：65008
2020/06/30 06:43:29 [debug]  pid:1551 数据发送完毕
2020/06/30 06:43:30 [stderr]  pid:1551 server: 收到的包长度为：108
2020/06/30 06:43:30 [stderr]  pid:1551 server: SerThreadPool::ThreadFunc()中线程:2044368640,结束等待
2020/06/30 06:43:30 [stderr]  pid:1551 server: SerThreadPool::ThreadFunc()中线程:2044368640,拿到一条数据
2020/06/30 06:43:30 [debug]  pid:1551 一个要发送的数据进入消息队列!
2020/06/30 06:43:30 [stderr]  pid:1551 server: SerThreadPool::ThreadFunc()中线程:2044368640,开始等待
2020/06/30 06:43:30 [debug]  pid:1551 即将发送数据大小为：65008
2020/06/30 06:43:30 [debug]  pid:1551 数据发送完毕
2020/06/30 06:43:31 [stderr]  pid:1551 server: 收到的包长度为：108
2020/06/30 06:43:31 [stderr]  pid:1551 server: SerThreadPool::ThreadFunc()中线程:2044368640,结束等待
2020/06/30 06:43:31 [stderr]  pid:1551 server: SerThreadPool::ThreadFunc()中线程:2044368640,拿到一条数据
2020/06/30 06:43:31 [debug]  pid:1551 一个要发送的数据进入消息队列!
2020/06/30 06:43:31 [stderr]  pid:1551 server: SerThreadPool::ThreadFunc()中线程:2044368640,开始等待
2020/06/30 06:43:31 [debug]  pid:1551 即将发送数据大小为：65008
2020/06/30 06:43:31 [debug]  pid:1551 数据发送完毕
2020/06/30 06:43:31 [stderr]  pid:1551 server: 收到的包长度为：108
2020/06/30 06:43:31 [stderr]  pid:1551 server: SerThreadPool::ThreadFunc()中线程:2044368640,结束等待
2020/06/30 06:43:31 [stderr]  pid:1551 server: SerThreadPool::ThreadFunc()中线程:2044368640,拿到一条数据
2020/06/30 06:43:31 [debug]  pid:1551 一个要发送的数据进入消息队列!
2020/06/30 06:43:31 [stderr]  pid:1551 server: SerThreadPool::ThreadFunc()中线程:2044368640,开始等待
2020/06/30 06:43:31 [debug]  pid:1551 即将发送数据大小为：65008
2020/06/30 06:43:31 [debug]  pid:1551 数据发送完毕
2020/06/30 06:43:32 [stderr]  pid:1551 server: 收到的包长度为：108
2020/06/30 06:43:32 [stderr]  pid:1551 server: SerThreadPool::ThreadFunc()中线程:2044368640,结束等待
2020/06/30 06:43:32 [stderr]  pid:1551 server: SerThreadPool::ThreadFunc()中线程:2044368640,拿到一条数据
2020/06/30 06:43:32 [debug]  pid:1551 一个要发送的数据进入消息队列!
2020/06/30 06:43:32 [stderr]  pid:1551 server: SerThreadPool::ThreadFunc()中线程:2044368640,开始等待
2020/06/30 06:43:32 [debug]  pid:1551 即将发送数据大小为：65008
2020/06/30 06:43:32 [stderr]  pid:1551 server: 发送缓冲区满了，应该发送：54864,实际发送：10144。此时需要靠epoll驱动发数据!
2020/06/30 06:43:41 [debug]  pid:1551 epoll驱动发数据!
2020/06/30 06:43:41 [stderr]  pid:1551 server: epoll驱动发送数据完毕!
2020/06/30 06:43:54 [stderr]  pid:1551 server: 收到的包长度为：108
2020/06/30 06:43:54 [stderr]  pid:1551 server: SerThreadPool::ThreadFunc()中线程:2044368640,结束等待
2020/06/30 06:43:54 [stderr]  pid:1551 server: SerThreadPool::ThreadFunc()中线程:2044368640,拿到一条数据
2020/06/30 06:43:54 [debug]  pid:1551 一个要发送的数据进入消息队列!
2020/06/30 06:43:54 [stderr]  pid:1551 server: SerThreadPool::ThreadFunc()中线程:2044368640,开始等待
2020/06/30 06:43:54 [debug]  pid:1551 即将发送数据大小为：65008
2020/06/30 06:43:54 [debug]  pid:1551 数据发送完毕
2020/06/30 06:43:56 [stderr]  pid:1551 server: 收到的包长度为：108
2020/06/30 06:43:56 [stderr]  pid:1551 server: SerThreadPool::ThreadFunc()中线程:2044368640,结束等待
2020/06/30 06:43:56 [stderr]  pid:1551 server: SerThreadPool::ThreadFunc()中线程:2044368640,拿到一条数据
2020/06/30 06:43:56 [debug]  pid:1551 一个要发送的数据进入消息队列!
2020/06/30 06:43:56 [stderr]  pid:1551 server: SerThreadPool::ThreadFunc()中线程:2044368640,开始等待
2020/06/30 06:43:56 [debug]  pid:1551 即将发送数据大小为：65008
2020/06/30 06:43:56 [debug]  pid:1551 数据发送完毕
2020/06/30 06:43:56 [stderr]  pid:1551 server: 收到的包长度为：108
2020/06/30 06:43:56 [stderr]  pid:1551 server: SerThreadPool::ThreadFunc()中线程:2044368640,结束等待
2020/06/30 06:43:56 [stderr]  pid:1551 server: SerThreadPool::ThreadFunc()中线程:2044368640,拿到一条数据
2020/06/30 06:43:56 [debug]  pid:1551 一个要发送的数据进入消息队列!
2020/06/30 06:43:56 [stderr]  pid:1551 server: SerThreadPool::ThreadFunc()中线程:2044368640,开始等待
2020/06/30 06:43:56 [debug]  pid:1551 即将发送数据大小为：65008
2020/06/30 06:43:56 [debug]  pid:1551 数据发送完毕
2020/06/30 06:43:57 [stderr]  pid:1551 server: 收到的包长度为：108
2020/06/30 06:43:57 [stderr]  pid:1551 server: SerThreadPool::ThreadFunc()中线程:2044368640,结束等待
2020/06/30 06:43:57 [stderr]  pid:1551 server: SerThreadPool::ThreadFunc()中线程:2044368640,拿到一条数据
2020/06/30 06:43:57 [debug]  pid:1551 一个要发送的数据进入消息队列!
2020/06/30 06:43:57 [stderr]  pid:1551 server: SerThreadPool::ThreadFunc()中线程:2044368640,开始等待
2020/06/30 06:43:57 [debug]  pid:1551 即将发送数据大小为：65008
2020/06/30 06:43:57 [debug]  pid:1551 数据发送完毕
2020/06/30 06:43:58 [stderr]  pid:1551 server: 收到的包长度为：108
2020/06/30 06:43:58 [stderr]  pid:1551 server: SerThreadPool::ThreadFunc()中线程:2044368640,结束等待
2020/06/30 06:43:58 [stderr]  pid:1551 server: SerThreadPool::ThreadFunc()中线程:2044368640,拿到一条数据
2020/06/30 06:43:58 [debug]  pid:1551 一个要发送的数据进入消息队列!
2020/06/30 06:43:58 [stderr]  pid:1551 server: SerThreadPool::ThreadFunc()中线程:2044368640,开始等待
2020/06/30 06:43:58 [debug]  pid:1551 即将发送数据大小为：65008
2020/06/30 06:43:58 [debug]  pid:1551 数据发送完毕
2020/06/30 06:43:58 [stderr]  pid:1551 server: 收到的包长度为：108
2020/06/30 06:43:58 [stderr]  pid:1551 server: SerThreadPool::ThreadFunc()中线程:2044368640,结束等待
2020/06/30 06:43:58 [stderr]  pid:1551 server: SerThreadPool::ThreadFunc()中线程:2044368640,拿到一条数据
2020/06/30 06:43:58 [debug]  pid:1551 一个要发送的数据进入消息队列!
2020/06/30 06:43:58 [stderr]  pid:1551 server: SerThreadPool::ThreadFunc()中线程:2044368640,开始等待
2020/06/30 06:43:58 [debug]  pid:1551 即将发送数据大小为：65008
2020/06/30 06:43:58 [debug]  pid:1551 数据发送完毕
2020/06/30 06:43:59 [stderr]  pid:1551 server: 收到的包长度为：108
2020/06/30 06:43:59 [stderr]  pid:1551 server: SerThreadPool::ThreadFunc()中线程:2044368640,结束等待
2020/06/30 06:43:59 [stderr]  pid:1551 server: SerThreadPool::ThreadFunc()中线程:2044368640,拿到一条数据
2020/06/30 06:43:59 [debug]  pid:1551 一个要发送的数据进入消息队列!
2020/06/30 06:43:59 [stderr]  pid:1551 server: SerThreadPool::ThreadFunc()中线程:2044368640,开始等待
2020/06/30 06:43:59 [debug]  pid:1551 即将发送数据大小为：65008
2020/06/30 06:43:59 [debug]  pid:1551 数据发送完毕
2020/06/30 06:44:00 [stderr]  pid:1551 server: 收到的包长度为：108
2020/06/30 06:44:00 [stderr]  pid:1551 server: SerThreadPool::ThreadFunc()中线程:2044368640,结束等待
2020/06/30 06:44:00 [stderr]  pid:1551 server: SerThreadPool::ThreadFunc()中线程:2044368640,拿到一条数据
2020/06/30 06:44:00 [debug]  pid:1551 一个要发送的数据进入消息队列!
2020/06/30 06:44:00 [stderr]  pid:1551 server: SerThreadPool::ThreadFunc()中线程:2044368640,开始等待
2020/06/30 06:44:00 [debug]  pid:1551 即将发送数据大小为：65008
2020/06/30 06:44:00 [debug]  pid:1551 数据发送完毕
2020/06/30 06:44:00 [stderr]  pid:1551 server: 收到的包长度为：108
2020/06/30 06:44:00 [stderr]  pid:1551 server: SerThreadPool::ThreadFunc()中线程:2044368640,结束等待
2020/06/30 06:44:00 [stderr]  pid:1551 server: SerThreadPool::ThreadFunc()中线程:2044368640,拿到一条数据
2020/06/30 06:44:00 [debug]  pid:1551 一个要发送的数据进入消息队列!
2020/06/30 06:44:00 [stderr]  pid:1551 server: SerThreadPool::ThreadFunc()中线程:2044368640,开始等待
2020/06/30 06:44:00 [debug]  pid:1551 即将发送数据大小为：65008
2020/06/30 06:44:00 [stderr]  pid:1551 server: 发送缓冲区满了，应该发送：50312,实际发送：14696。此时需要靠epoll驱动发数据!
2020/06/30 06:44:08 [debug]  pid:1551 epoll驱动发数据!
2020/06/30 06:44:08 [stderr]  pid:1551 server: epoll驱动发送数据完毕!
